00000000000i[     ] Bochs x86 Emulator 2.4.6
00000000000i[     ]   Build from CVS snapshot, on February 22, 2011
00000000000i[     ] Compiled at Jul 31 2011, 22:04:46
00000000000i[     ] System configuration
00000000000i[     ]   processors: 1 (cores=1, HT threads=1)
00000000000i[     ]   A20 line support: yes
00000000000i[     ] CPU configuration
00000000000i[     ]   level: 6
00000000000i[     ]   SMP support: no
00000000000i[     ]   APIC support: yes
00000000000i[     ]   FPU support: yes
00000000000i[     ]   MMX support: yes
00000000000i[     ]   3dnow! support: no
00000000000i[     ]   SEP support: yes
00000000000i[     ]   SSE support: sse2
00000000000i[     ]   XSAVE support: no
00000000000i[     ]   AES support: no
00000000000i[     ]   MOVBE support: no
00000000000i[     ]   x86-64 support: no
00000000000i[     ]   VMX support: no
00000000000i[     ] Optimization configuration
00000000000i[     ]   RepeatSpeedups support: no
00000000000i[     ]   Trace cache support: no
00000000000i[     ]   Fast function calls: no
00000000000i[     ] Devices configuration
00000000000i[     ]   ACPI support: no
00000000000i[     ]   NE2000 support: no
00000000000i[     ]   PCI support: no, enabled=no
00000000000i[     ]   SB16 support: no
00000000000i[     ]   USB support: no
00000000000i[     ]   VGA extension support: vbe 
00000000000i[MEM0 ] allocated memory at 0x9622b008. after alignment, vector=0x9622c000
00000000000i[MEM0 ] 512.00MB
00000000000i[MEM0 ] mem block size = 0x00100000, blocks=512
00000000000i[MEM0 ] rom at 0xfffe0000/131072 ('bochs/BIOS-bochs-latest')
00000000000i[MEM0 ] rom at 0xc0000/40448 ('bochs/VGABIOS-lgpl-latest')
00000000000i[CMOS ] Using local time for initial clock
00000000000i[CMOS ] Setting initial clock to: Tue Aug  9 17:20:30 2011 (time0=1312903230)
00000000000i[DMA  ] channel 4 used by cascade
00000000000i[DMA  ] channel 2 used by Floppy Drive
00000000000i[FDD  ] fd0: 'FLOPPY.IMG' ro=0, h=2,t=80,spt=18
00000000000i[VGA  ] interval=300000
00000000000i[MEM0 ] Register memory access handlers: 0x00000000000a0000 - 0x00000000000bffff
00000000000i[XGUI ] test_alloc_colors: 16 colors available out of 16 colors tried
00000000000i[XGUI ] font 8 wide x 16 high, display depth = 24
00000000000i[MEM0 ] Register memory access handlers: 0x00000000e0000000 - 0x00000000e0ffffff
00000000000i[VGA  ] VBE Bochs Display Extension Enabled
00000000000i[     ] init_dev of 'unmapped' plugin device by virtual method
00000000000i[     ] init_dev of 'biosdev' plugin device by virtual method
00000000000i[     ] init_dev of 'speaker' plugin device by virtual method
00000000000i[SPEAK] Failed to open /dev/console: Resource temporarily unavailable
00000000000i[SPEAK] Deactivating beep on console
00000000000i[     ] init_dev of 'extfpuirq' plugin device by virtual method
00000000000i[     ] init_dev of 'iodebug' plugin device by virtual method
00000000000i[     ] init_dev of 'ioapic' plugin device by virtual method
00000000000i[IOAP ] initializing I/O APIC
00000000000i[MEM0 ] Register memory access handlers: 0x00000000fec00000 - 0x00000000fec00fff
00000000000i[     ] init_dev of 'keyboard' plugin device by virtual method
00000000000i[KBD  ] will paste characters every 1000 keyboard ticks
00000000000i[     ] init_dev of 'harddrv' plugin device by virtual method
00000000000i[HD   ] Using boot sequence floppy, none, none
00000000000i[HD   ] Floppy boot signature check is enabled
00000000000i[     ] init_dev of 'serial' plugin device by virtual method
00000000000i[SER  ] com1 at 0x03f8 irq 4
00000000000i[     ] init_dev of 'parallel' plugin device by virtual method
00000000000i[PAR  ] parallel port 1 at 0x0378 irq 7
00000000000i[     ] register state of 'unmapped' plugin device by virtual method
00000000000i[     ] register state of 'biosdev' plugin device by virtual method
00000000000i[     ] register state of 'speaker' plugin device by virtual method
00000000000i[     ] register state of 'extfpuirq' plugin device by virtual method
00000000000i[     ] register state of 'iodebug' plugin device by virtual method
00000000000i[     ] register state of 'ioapic' plugin device by virtual method
00000000000i[     ] register state of 'keyboard' plugin device by virtual method
00000000000i[     ] register state of 'harddrv' plugin device by virtual method
00000000000i[     ] register state of 'serial' plugin device by virtual method
00000000000i[     ] register state of 'parallel' plugin device by virtual method
00000000000i[SYS  ] bx_pc_system_c::Reset(HARDWARE) called
00000000000i[CPU0 ] cpu hardware reset
00000000000i[APIC0] allocate APIC id=0 (MMIO enabled) to 0x00000000fee00000
00000000000i[CPU0 ] CPUID[0x00000000]: 00000003 756e6547 6c65746e 49656e69
00000000000i[CPU0 ] CPUID[0x00000001]: 00000f03 00000800 00000000 07cbfbff
00000000000i[CPU0 ] CPUID[0x00000002]: 00410601 00000000 00000000 00000000
00000000000i[CPU0 ] CPUID[0x00000003]: 00000000 00000000 00000000 00000000
00000000000i[CPU0 ] CPUID[0x00000004]: 00000000 00000000 00000000 00000000
00000000000i[CPU0 ] CPUID[0x00000007]: 00000000 00000000 00000000 00000000
00000000000i[CPU0 ] CPUID[0x80000000]: 80000004 00000000 00000000 00000000
00000000000i[CPU0 ] CPUID[0x80000001]: 00000000 00000000 00000000 00000000
00000000000i[CPU0 ] CPUID[0x80000002]: 20202020 20202020 20202020 6e492020
00000000000i[CPU0 ] CPUID[0x80000003]: 286c6574 50202952 69746e65 52286d75
00000000000i[CPU0 ] CPUID[0x80000004]: 20342029 20555043 20202020 00202020
00000000000i[     ] reset of 'unmapped' plugin device by virtual method
00000000000i[     ] reset of 'biosdev' plugin device by virtual method
00000000000i[     ] reset of 'speaker' plugin device by virtual method
00000000000i[     ] reset of 'extfpuirq' plugin device by virtual method
00000000000i[     ] reset of 'iodebug' plugin device by virtual method
00000000000i[     ] reset of 'ioapic' plugin device by virtual method
00000000000i[     ] reset of 'keyboard' plugin device by virtual method
00000000000i[     ] reset of 'harddrv' plugin device by virtual method
00000000000i[     ] reset of 'serial' plugin device by virtual method
00000000000i[     ] reset of 'parallel' plugin device by virtual method
00000000000i[XGUI ] [x] Mouse off
00000000000i[     ] set SIGINT handler to bx_debug_ctrlc_handler
00000003305i[BIOS ] $Revision: 1.257 $ $Date: 2011/01/26 09:52:02 $
00000318042i[KBD  ] reset-disable command received
00000444800i[VBIOS] VGABios $Id: vgabios.c,v 1.69 2009/04/07 18:18:20 vruppert Exp $
00000444871i[VGA  ] VBE known Display Interface b0c0
00000444903i[VGA  ] VBE known Display Interface b0c5
00000447828i[VBIOS] VBE Bios $Id: vbe.c,v 1.62 2009/01/25 15:46:25 vruppert Exp $
00000760517i[BIOS ] Starting rombios32
00000761014i[BIOS ] Shutdown flag 0
00000761704i[BIOS ] ram_size=0x20000000
00000762209i[BIOS ] ram_end=512MB
00000802805i[BIOS ] Found 1 cpu(s)
00000821792i[BIOS ] bios_table_addr: 0x000fb928 end=0x000fcc00
00000834469i[BIOS ] bios_table_cur_addr: 0x000fb928
00001200000i[XGUI ] charmap update. Font Height is 16
00012943043i[BIOS ] Booting from 0000:7c00
00091382076i[     ] Ctrl-C detected in signal handler.
00091382348i[     ] dbg: Quit
00091382348i[CPU0 ] CPU is in protected mode (active)
00091382348i[CPU0 ] CS.d_b = 32 bit
00091382348i[CPU0 ] SS.d_b = 32 bit
00091382348i[CPU0 ] | EAX=000001a3  EBX=00000001  ECX=00000280  EDX=c000036a
00091382348i[CPU0 ] | ESP=0008fefc  EBP=0008ff14  ESI=c0000004  EDI=00000bbb
00091382348i[CPU0 ] | IOPL=0 id vip vif ac vm rf nt of df if tf SF zf AF PF CF
00091382348i[CPU0 ] | SEG selector     base    limit G D
00091382348i[CPU0 ] | SEG sltr(index|ti|rpl)     base    limit G D
00091382348i[CPU0 ] |  CS:0008( 0001| 0|  0) 00000000 ffffffff 1 1
00091382348i[CPU0 ] |  DS:0010( 0002| 0|  0) 00000000 ffffffff 1 1
00091382348i[CPU0 ] |  SS:0010( 0002| 0|  0) 00000000 ffffffff 1 1
00091382348i[CPU0 ] |  ES:0010( 0002| 0|  0) 00000000 ffffffff 1 1
00091382348i[CPU0 ] |  FS:0010( 0002| 0|  0) 00000000 ffffffff 1 1
00091382348i[CPU0 ] |  GS:0010( 0002| 0|  0) 00000000 ffffffff 1 1
00091382348i[CPU0 ] | EIP=c000296d (c000296d)
00091382348i[CPU0 ] | CR0=0xe0000011 CR2=0x00000000
00091382348i[CPU0 ] | CR3=0x00003000 CR4=0x00000000
00091382348i[CMOS ] Last time is 1312903252 (Tue Aug  9 17:20:52 2011)
00091382348i[XGUI ] Exit
00091382348i[CTRL ] quit_sim called with exit code 0
